{"level":"info","message":"Server is running on port 3002","service":"identity-service","timestamp":"2025-03-23T12:17:19.318Z"}
{"level":"info","message":"Connected to MongoDB","service":"identity-service","timestamp":"2025-03-23T12:17:20.351Z"}
{"level":"info","message":"Server is running on port 3002","service":"identity-service","timestamp":"2025-03-23T12:17:46.547Z"}
{"level":"info","message":"Connected to MongoDB","service":"identity-service","timestamp":"2025-03-23T12:17:47.056Z"}
{"level":"info","message":"Server is running on port 3002","service":"identity-service","timestamp":"2025-03-23T12:48:45.639Z"}
{"level":"info","message":"Connected to MongoDB","service":"identity-service","timestamp":"2025-03-23T12:48:54.553Z"}
{"level":"info","message":"POST /api/auth/register ::1","service":"identity-service","timestamp":"2025-03-23T12:49:02.895Z"}
{"level":"error","message":"ReferenceError: log is not defined\n    at /home/suarim/micro_services/microservice_project/identity-service/src/server.js:29:5\n    at Layer.handle [as handle_request] (/home/suarim/micro_services/microservice_project/identity-service/node_modules/express/lib/router/layer.js:95:5)\n    at trim_prefix (/home/suarim/micro_services/microservice_project/identity-service/node_modules/express/lib/router/index.js:328:13)\n    at /home/suarim/micro_services/microservice_project/identity-service/node_modules/express/lib/router/index.js:286:9\n    at Function.process_params (/home/suarim/micro_services/microservice_project/identity-service/node_modules/express/lib/router/index.js:346:12)\n    at next (/home/suarim/micro_services/microservice_project/identity-service/node_modules/express/lib/router/index.js:280:10)\n    at /home/suarim/micro_services/microservice_project/identity-service/node_modules/body-parser/lib/read.js:137:5\n    at AsyncResource.runInAsyncScope (node:async_hooks:211:14)\n    at invokeCallback (/home/suarim/micro_services/microservice_project/identity-service/node_modules/raw-body/index.js:238:16)\n    at done (/home/suarim/micro_services/microservice_project/identity-service/node_modules/raw-body/index.js:227:7)","service":"identity-service","timestamp":"2025-03-23T12:49:02.896Z"}
{"level":"info","message":"POST /api/auth/register ::1","service":"identity-service","timestamp":"2025-03-23T12:50:23.223Z"}
{"level":"error","message":"ReferenceError: log is not defined\n    at /home/suarim/micro_services/microservice_project/identity-service/src/server.js:29:5\n    at Layer.handle [as handle_request] (/home/suarim/micro_services/microservice_project/identity-service/node_modules/express/lib/router/layer.js:95:5)\n    at trim_prefix (/home/suarim/micro_services/microservice_project/identity-service/node_modules/express/lib/router/index.js:328:13)\n    at /home/suarim/micro_services/microservice_project/identity-service/node_modules/express/lib/router/index.js:286:9\n    at Function.process_params (/home/suarim/micro_services/microservice_project/identity-service/node_modules/express/lib/router/index.js:346:12)\n    at next (/home/suarim/micro_services/microservice_project/identity-service/node_modules/express/lib/router/index.js:280:10)\n    at /home/suarim/micro_services/microservice_project/identity-service/node_modules/body-parser/lib/read.js:137:5\n    at AsyncResource.runInAsyncScope (node:async_hooks:211:14)\n    at invokeCallback (/home/suarim/micro_services/microservice_project/identity-service/node_modules/raw-body/index.js:238:16)\n    at done (/home/suarim/micro_services/microservice_project/identity-service/node_modules/raw-body/index.js:227:7)","service":"identity-service","timestamp":"2025-03-23T12:50:23.224Z"}
{"level":"info","message":"POST /api/auth/register ::1","service":"identity-service","timestamp":"2025-03-23T12:50:25.625Z"}
{"level":"error","message":"ReferenceError: log is not defined\n    at /home/suarim/micro_services/microservice_project/identity-service/src/server.js:29:5\n    at Layer.handle [as handle_request] (/home/suarim/micro_services/microservice_project/identity-service/node_modules/express/lib/router/layer.js:95:5)\n    at trim_prefix (/home/suarim/micro_services/microservice_project/identity-service/node_modules/express/lib/router/index.js:328:13)\n    at /home/suarim/micro_services/microservice_project/identity-service/node_modules/express/lib/router/index.js:286:9\n    at Function.process_params (/home/suarim/micro_services/microservice_project/identity-service/node_modules/express/lib/router/index.js:346:12)\n    at next (/home/suarim/micro_services/microservice_project/identity-service/node_modules/express/lib/router/index.js:280:10)\n    at /home/suarim/micro_services/microservice_project/identity-service/node_modules/body-parser/lib/read.js:137:5\n    at AsyncResource.runInAsyncScope (node:async_hooks:211:14)\n    at invokeCallback (/home/suarim/micro_services/microservice_project/identity-service/node_modules/raw-body/index.js:238:16)\n    at done (/home/suarim/micro_services/microservice_project/identity-service/node_modules/raw-body/index.js:227:7)","service":"identity-service","timestamp":"2025-03-23T12:50:25.626Z"}
{"level":"info","message":"Server is running on port 3002","service":"identity-service","timestamp":"2025-03-23T12:52:09.503Z"}
{"level":"info","message":"Connected to MongoDB","service":"identity-service","timestamp":"2025-03-23T12:52:13.925Z"}
{"level":"info","message":"POST /api/auth/register ::1","service":"identity-service","timestamp":"2025-03-23T12:52:15.820Z"}
{"level":"info","message":"Req body : [object Object]","service":"identity-service","timestamp":"2025-03-23T12:52:15.821Z"}
{"level":"info","message":"User Registration","service":"identity-service","timestamp":"2025-03-23T12:52:15.827Z"}
{"level":"warn","message":"Validation Error","service":"identity-service","timestamp":"2025-03-23T12:52:15.835Z"}
{"level":"info","message":"Server is running on port 3002","service":"identity-service","timestamp":"2025-03-23T12:52:49.187Z"}
{"level":"info","message":"Connected to MongoDB","service":"identity-service","timestamp":"2025-03-23T12:52:49.665Z"}
{"level":"info","message":"POST /api/auth/register ::1","service":"identity-service","timestamp":"2025-03-23T12:52:54.897Z"}
{"level":"info","message":"Req body : [object Object]","service":"identity-service","timestamp":"2025-03-23T12:52:54.897Z"}
{"0":":","1":":","2":"1","level":"warn","message":"Rate limit exceeded for sensitive route by IP:","service":"identity-service","timestamp":"2025-03-23T12:52:54.902Z"}
{"level":"info","message":"POST /api/auth/register ::1","service":"identity-service","timestamp":"2025-03-23T12:52:56.643Z"}
{"level":"info","message":"Req body : [object Object]","service":"identity-service","timestamp":"2025-03-23T12:52:56.644Z"}
{"0":":","1":":","2":"1","level":"warn","message":"Rate limit exceeded for sensitive route by IP:","service":"identity-service","timestamp":"2025-03-23T12:52:56.645Z"}
{"level":"info","message":"Server is running on port 3002","service":"identity-service","timestamp":"2025-03-23T12:53:06.557Z"}
{"level":"info","message":"Connected to MongoDB","service":"identity-service","timestamp":"2025-03-23T12:53:07.014Z"}
{"level":"info","message":"POST /api/auth/register ::1","service":"identity-service","timestamp":"2025-03-23T12:53:08.387Z"}
{"level":"info","message":"Req body : [object Object]","service":"identity-service","timestamp":"2025-03-23T12:53:08.388Z"}
{"0":":","1":":","2":"1","level":"warn","message":"Rate limit exceeded for sensitive route by IP:","service":"identity-service","timestamp":"2025-03-23T12:53:08.394Z"}
{"level":"info","message":"Server is running on port 3002","service":"identity-service","timestamp":"2025-03-23T12:53:35.353Z"}
{"level":"info","message":"Connected to MongoDB","service":"identity-service","timestamp":"2025-03-23T12:53:36.039Z"}
{"level":"info","message":"POST /api/auth/register ::1","service":"identity-service","timestamp":"2025-03-23T12:53:36.411Z"}
{"level":"info","message":"Req body : [object Object]","service":"identity-service","timestamp":"2025-03-23T12:53:36.411Z"}
{"level":"info","message":"User Registration","service":"identity-service","timestamp":"2025-03-23T12:53:36.417Z"}
{"level":"warn","message":"Validation Error","service":"identity-service","timestamp":"2025-03-23T12:53:36.424Z"}
{"level":"info","message":"Server is running on port 3002","service":"identity-service","timestamp":"2025-03-23T12:54:02.492Z"}
{"level":"info","message":"Connected to MongoDB","service":"identity-service","timestamp":"2025-03-23T12:54:02.868Z"}
{"level":"info","message":"POST /api/auth/register ::1","service":"identity-service","timestamp":"2025-03-23T12:54:04.405Z"}
{"level":"info","message":"Req body : [object Object]","service":"identity-service","timestamp":"2025-03-23T12:54:04.406Z"}
{"level":"info","message":"User Registration","service":"identity-service","timestamp":"2025-03-23T12:54:04.411Z"}
{"_message":"User validation failed","errors":{"userid":{"kind":"required","message":"Path `userid` is required.","name":"ValidatorError","path":"userid","properties":{"message":"Path `userid` is required.","path":"userid","type":"required"}},"username":{"kind":"required","message":"Path `username` is required.","name":"ValidatorError","path":"username","properties":{"message":"Path `username` is required.","path":"username","type":"required"}}},"level":"error","message":"Registration Failed User validation failed: userid: Path `userid` is required., username: Path `username` is required.","service":"identity-service","stack":"ValidationError: User validation failed: userid: Path `userid` is required., username: Path `username` is required.\n    at Document.invalidate (/home/suarim/micro_services/microservice_project/identity-service/node_modules/mongoose/lib/document.js:3329:32)\n    at /home/suarim/micro_services/microservice_project/identity-service/node_modules/mongoose/lib/document.js:3090:17\n    at /home/suarim/micro_services/microservice_project/identity-service/node_modules/mongoose/lib/schemaType.js:1407:9\n    at process.processTicksAndRejections (node:internal/process/task_queues:85:11)","timestamp":"2025-03-23T12:54:04.467Z"}
{"level":"info","message":"POST /api/auth/register ::1","service":"identity-service","timestamp":"2025-03-23T12:54:06.227Z"}
{"level":"info","message":"Req body : [object Object]","service":"identity-service","timestamp":"2025-03-23T12:54:06.227Z"}
{"level":"info","message":"User Registration","service":"identity-service","timestamp":"2025-03-23T12:54:06.230Z"}
{"_message":"User validation failed","errors":{"userid":{"kind":"required","message":"Path `userid` is required.","name":"ValidatorError","path":"userid","properties":{"message":"Path `userid` is required.","path":"userid","type":"required"}},"username":{"kind":"required","message":"Path `username` is required.","name":"ValidatorError","path":"username","properties":{"message":"Path `username` is required.","path":"username","type":"required"}}},"level":"error","message":"Registration Failed User validation failed: userid: Path `userid` is required., username: Path `username` is required.","service":"identity-service","stack":"ValidationError: User validation failed: userid: Path `userid` is required., username: Path `username` is required.\n    at Document.invalidate (/home/suarim/micro_services/microservice_project/identity-service/node_modules/mongoose/lib/document.js:3329:32)\n    at /home/suarim/micro_services/microservice_project/identity-service/node_modules/mongoose/lib/document.js:3090:17\n    at /home/suarim/micro_services/microservice_project/identity-service/node_modules/mongoose/lib/schemaType.js:1407:9\n    at process.processTicksAndRejections (node:internal/process/task_queues:85:11)","timestamp":"2025-03-23T12:54:06.261Z"}
{"level":"info","message":"Server is running on port 3002","service":"identity-service","timestamp":"2025-03-23T12:55:58.917Z"}
{"level":"info","message":"Connected to MongoDB","service":"identity-service","timestamp":"2025-03-23T12:56:01.475Z"}
{"level":"info","message":"POST /api/auth/register ::1","service":"identity-service","timestamp":"2025-03-23T12:56:02.885Z"}
{"level":"info","message":"Req body : [object Object]","service":"identity-service","timestamp":"2025-03-23T12:56:02.885Z"}
{"level":"info","message":"User Registration","service":"identity-service","timestamp":"2025-03-23T12:56:02.893Z"}
{"_message":"User validation failed","errors":{"userid":{"kind":"required","message":"Path `userid` is required.","name":"ValidatorError","path":"userid","properties":{"message":"Path `userid` is required.","path":"userid","type":"required"}},"username":{"kind":"required","message":"Path `username` is required.","name":"ValidatorError","path":"username","properties":{"message":"Path `username` is required.","path":"username","type":"required"}}},"level":"error","message":"Registration Failed User validation failed: userid: Path `userid` is required., username: Path `username` is required.","service":"identity-service","stack":"ValidationError: User validation failed: userid: Path `userid` is required., username: Path `username` is required.\n    at Document.invalidate (/home/suarim/micro_services/microservice_project/identity-service/node_modules/mongoose/lib/document.js:3329:32)\n    at /home/suarim/micro_services/microservice_project/identity-service/node_modules/mongoose/lib/document.js:3090:17\n    at /home/suarim/micro_services/microservice_project/identity-service/node_modules/mongoose/lib/schemaType.js:1407:9\n    at process.processTicksAndRejections (node:internal/process/task_queues:85:11)","timestamp":"2025-03-23T12:56:02.979Z"}
{"level":"info","message":"Server is running on port 3002","service":"identity-service","timestamp":"2025-03-23T12:57:28.518Z"}
{"level":"info","message":"Connected to MongoDB","service":"identity-service","timestamp":"2025-03-23T12:57:30.651Z"}
{"level":"info","message":"POST /api/auth/register ::1","service":"identity-service","timestamp":"2025-03-23T12:57:31.585Z"}
{"level":"info","message":"Req body : [object Object]","service":"identity-service","timestamp":"2025-03-23T12:57:31.585Z"}
{"level":"info","message":"User Registration","service":"identity-service","timestamp":"2025-03-23T12:57:31.592Z"}
{"_message":"User validation failed","errors":{"username":{"kind":"required","message":"Path `username` is required.","name":"ValidatorError","path":"username","properties":{"message":"Path `username` is required.","path":"username","type":"required"}}},"level":"error","message":"Registration Failed User validation failed: username: Path `username` is required.","service":"identity-service","stack":"ValidationError: User validation failed: username: Path `username` is required.\n    at Document.invalidate (/home/suarim/micro_services/microservice_project/identity-service/node_modules/mongoose/lib/document.js:3329:32)\n    at /home/suarim/micro_services/microservice_project/identity-service/node_modules/mongoose/lib/document.js:3090:17\n    at /home/suarim/micro_services/microservice_project/identity-service/node_modules/mongoose/lib/schemaType.js:1407:9\n    at process.processTicksAndRejections (node:internal/process/task_queues:85:11)","timestamp":"2025-03-23T12:57:31.675Z"}
{"level":"info","message":"POST /api/auth/register ::1","service":"identity-service","timestamp":"2025-03-23T12:57:33.250Z"}
{"level":"info","message":"Req body : [object Object]","service":"identity-service","timestamp":"2025-03-23T12:57:33.250Z"}
{"level":"info","message":"User Registration","service":"identity-service","timestamp":"2025-03-23T12:57:33.252Z"}
{"_message":"User validation failed","errors":{"username":{"kind":"required","message":"Path `username` is required.","name":"ValidatorError","path":"username","properties":{"message":"Path `username` is required.","path":"username","type":"required"}}},"level":"error","message":"Registration Failed User validation failed: username: Path `username` is required.","service":"identity-service","stack":"ValidationError: User validation failed: username: Path `username` is required.\n    at Document.invalidate (/home/suarim/micro_services/microservice_project/identity-service/node_modules/mongoose/lib/document.js:3329:32)\n    at /home/suarim/micro_services/microservice_project/identity-service/node_modules/mongoose/lib/document.js:3090:17\n    at /home/suarim/micro_services/microservice_project/identity-service/node_modules/mongoose/lib/schemaType.js:1407:9\n    at process.processTicksAndRejections (node:internal/process/task_queues:85:11)","timestamp":"2025-03-23T12:57:33.308Z"}
{"level":"info","message":"Validation Schema Loaded","service":"identity-service","timestamp":"2025-03-23T12:58:16.842Z"}
{"level":"info","message":"Server is running on port 3002","service":"identity-service","timestamp":"2025-03-23T12:58:16.871Z"}
{"level":"info","message":"Connected to MongoDB","service":"identity-service","timestamp":"2025-03-23T12:58:17.282Z"}
{"level":"info","message":"POST /api/auth/register ::1","service":"identity-service","timestamp":"2025-03-23T12:58:19.975Z"}
{"level":"info","message":"Req body : [object Object]","service":"identity-service","timestamp":"2025-03-23T12:58:19.976Z"}
{"level":"info","message":"User Registration","service":"identity-service","timestamp":"2025-03-23T12:58:19.981Z"}
{"_message":"User validation failed","errors":{"username":{"kind":"required","message":"Path `username` is required.","name":"ValidatorError","path":"username","properties":{"message":"Path `username` is required.","path":"username","type":"required"}}},"level":"error","message":"Registration Failed User validation failed: username: Path `username` is required.","service":"identity-service","stack":"ValidationError: User validation failed: username: Path `username` is required.\n    at Document.invalidate (/home/suarim/micro_services/microservice_project/identity-service/node_modules/mongoose/lib/document.js:3329:32)\n    at /home/suarim/micro_services/microservice_project/identity-service/node_modules/mongoose/lib/document.js:3090:17\n    at /home/suarim/micro_services/microservice_project/identity-service/node_modules/mongoose/lib/schemaType.js:1407:9\n    at process.processTicksAndRejections (node:internal/process/task_queues:85:11)","timestamp":"2025-03-23T12:58:20.036Z"}
{"level":"info","message":"Validation Schema Loaded","service":"identity-service","timestamp":"2025-03-23T12:58:49.268Z"}
{"level":"info","message":"Server is running on port 3002","service":"identity-service","timestamp":"2025-03-23T12:58:49.293Z"}
{"level":"info","message":"Connected to MongoDB","service":"identity-service","timestamp":"2025-03-23T12:58:49.874Z"}
{"level":"info","message":"Validation Schema Loaded","service":"identity-service","timestamp":"2025-03-23T12:58:53.218Z"}
{"level":"info","message":"Server is running on port 3002","service":"identity-service","timestamp":"2025-03-23T12:58:53.244Z"}
{"level":"info","message":"Connected to MongoDB","service":"identity-service","timestamp":"2025-03-23T12:58:53.695Z"}
{"level":"info","message":"POST /api/auth/register ::1","service":"identity-service","timestamp":"2025-03-23T12:58:58.185Z"}
{"level":"info","message":"Req body : [object Object]","service":"identity-service","timestamp":"2025-03-23T12:58:58.185Z"}
{"level":"info","message":"User Registration","service":"identity-service","timestamp":"2025-03-23T12:58:58.192Z"}
{"_message":"User validation failed","errors":{"username":{"kind":"required","message":"Path `username` is required.","name":"ValidatorError","path":"username","properties":{"message":"Path `username` is required.","path":"username","type":"required"}}},"level":"error","message":"Registration Failed User validation failed: username: Path `username` is required.","service":"identity-service","stack":"ValidationError: User validation failed: username: Path `username` is required.\n    at Document.invalidate (/home/suarim/micro_services/microservice_project/identity-service/node_modules/mongoose/lib/document.js:3329:32)\n    at /home/suarim/micro_services/microservice_project/identity-service/node_modules/mongoose/lib/document.js:3090:17\n    at /home/suarim/micro_services/microservice_project/identity-service/node_modules/mongoose/lib/schemaType.js:1407:9\n    at process.processTicksAndRejections (node:internal/process/task_queues:85:11)","timestamp":"2025-03-23T12:58:58.265Z"}
{"level":"info","message":"Validation Schema Loaded","service":"identity-service","timestamp":"2025-03-23T12:59:37.246Z"}
{"level":"info","message":"Server is running on port 3002","service":"identity-service","timestamp":"2025-03-23T12:59:37.275Z"}
{"level":"info","message":"Connected to MongoDB","service":"identity-service","timestamp":"2025-03-23T12:59:39.245Z"}
{"level":"info","message":"POST /api/auth/register ::1","service":"identity-service","timestamp":"2025-03-23T12:59:39.651Z"}
{"level":"info","message":"Req body : [object Object]","service":"identity-service","timestamp":"2025-03-23T12:59:39.651Z"}
{"level":"info","message":"User Registration","service":"identity-service","timestamp":"2025-03-23T12:59:39.656Z"}
{"_message":"User validation failed","errors":{"username":{"kind":"required","message":"Path `username` is required.","name":"ValidatorError","path":"username","properties":{"message":"Path `username` is required.","path":"username","type":"required"}}},"level":"error","message":"Registration Failed User validation failed: username: Path `username` is required.","service":"identity-service","stack":"ValidationError: User validation failed: username: Path `username` is required.\n    at Document.invalidate (/home/suarim/micro_services/microservice_project/identity-service/node_modules/mongoose/lib/document.js:3329:32)\n    at /home/suarim/micro_services/microservice_project/identity-service/node_modules/mongoose/lib/document.js:3090:17\n    at /home/suarim/micro_services/microservice_project/identity-service/node_modules/mongoose/lib/schemaType.js:1407:9\n    at process.processTicksAndRejections (node:internal/process/task_queues:85:11)","timestamp":"2025-03-23T12:59:39.712Z"}
{"level":"info","message":"Validation Schema Loaded","service":"identity-service","timestamp":"2025-03-23T13:00:09.244Z"}
{"level":"info","message":"Server is running on port 3002","service":"identity-service","timestamp":"2025-03-23T13:00:09.271Z"}
{"level":"info","message":"Connected to MongoDB","service":"identity-service","timestamp":"2025-03-23T13:00:10.732Z"}
{"level":"info","message":"POST /api/auth/register ::1","service":"identity-service","timestamp":"2025-03-23T13:00:11.319Z"}
{"level":"info","message":"Req body : [object Object]","service":"identity-service","timestamp":"2025-03-23T13:00:11.320Z"}
{"level":"info","message":"User Registration","service":"identity-service","timestamp":"2025-03-23T13:00:11.326Z"}
{"_message":"User validation failed","errors":{"username":{"kind":"required","message":"Path `username` is required.","name":"ValidatorError","path":"username","properties":{"message":"Path `username` is required.","path":"username","type":"required"}}},"level":"error","message":"Registration Failed User validation failed: username: Path `username` is required.","service":"identity-service","stack":"ValidationError: User validation failed: username: Path `username` is required.\n    at Document.invalidate (/home/suarim/micro_services/microservice_project/identity-service/node_modules/mongoose/lib/document.js:3329:32)\n    at /home/suarim/micro_services/microservice_project/identity-service/node_modules/mongoose/lib/document.js:3090:17\n    at /home/suarim/micro_services/microservice_project/identity-service/node_modules/mongoose/lib/schemaType.js:1407:9\n    at process.processTicksAndRejections (node:internal/process/task_queues:85:11)","timestamp":"2025-03-23T13:00:11.382Z"}
{"level":"info","message":"Validation Schema Loaded","service":"identity-service","timestamp":"2025-03-23T13:19:01.188Z"}
{"level":"info","message":"Server is running on port 3002","service":"identity-service","timestamp":"2025-03-23T13:19:01.213Z"}
{"level":"info","message":"Connected to MongoDB","service":"identity-service","timestamp":"2025-03-23T13:19:02.344Z"}
{"level":"info","message":"POST /api/auth/register ::1","service":"identity-service","timestamp":"2025-03-23T13:19:10.970Z"}
{"level":"info","message":"Req body : [object Object]","service":"identity-service","timestamp":"2025-03-23T13:19:10.970Z"}
{"level":"info","message":"User Registration","service":"identity-service","timestamp":"2025-03-23T13:19:10.979Z"}
{"_message":"User validation failed","errors":{"username":{"kind":"required","message":"Path `username` is required.","name":"ValidatorError","path":"username","properties":{"message":"Path `username` is required.","path":"username","type":"required"}}},"level":"error","message":"Registration Failed User validation failed: username: Path `username` is required.","service":"identity-service","stack":"ValidationError: User validation failed: username: Path `username` is required.\n    at Document.invalidate (/home/suarim/micro_services/microservice_project/identity-service/node_modules/mongoose/lib/document.js:3329:32)\n    at /home/suarim/micro_services/microservice_project/identity-service/node_modules/mongoose/lib/document.js:3090:17\n    at /home/suarim/micro_services/microservice_project/identity-service/node_modules/mongoose/lib/schemaType.js:1407:9\n    at process.processTicksAndRejections (node:internal/process/task_queues:85:11)","timestamp":"2025-03-23T13:19:11.036Z"}
{"level":"info","message":"Validation Schema Loaded","service":"identity-service","timestamp":"2025-03-23T13:19:59.488Z"}
{"level":"info","message":"Server is running on port 3002","service":"identity-service","timestamp":"2025-03-23T13:19:59.516Z"}
{"level":"info","message":"Connected to MongoDB","service":"identity-service","timestamp":"2025-03-23T13:19:59.928Z"}
{"level":"info","message":"Validation Schema Loaded","service":"identity-service","timestamp":"2025-03-23T13:20:04.130Z"}
{"level":"info","message":"Server is running on port 3002","service":"identity-service","timestamp":"2025-03-23T13:20:04.154Z"}
{"level":"info","message":"Connected to MongoDB","service":"identity-service","timestamp":"2025-03-23T13:20:04.921Z"}
{"level":"info","message":"POST /api/auth/register ::1","service":"identity-service","timestamp":"2025-03-23T13:20:10.773Z"}
{"level":"info","message":"Req body : [object Object]","service":"identity-service","timestamp":"2025-03-23T13:20:10.774Z"}
{"level":"info","message":"User Registration","service":"identity-service","timestamp":"2025-03-23T13:20:10.781Z"}
{"_message":"User validation failed","errors":{"username":{"kind":"required","message":"Path `username` is required.","name":"ValidatorError","path":"username","properties":{"message":"Path `username` is required.","path":"username","type":"required"}}},"level":"error","message":"Registration Failed User validation failed: username: Path `username` is required.","service":"identity-service","stack":"ValidationError: User validation failed: username: Path `username` is required.\n    at Document.invalidate (/home/suarim/micro_services/microservice_project/identity-service/node_modules/mongoose/lib/document.js:3329:32)\n    at /home/suarim/micro_services/microservice_project/identity-service/node_modules/mongoose/lib/document.js:3090:17\n    at /home/suarim/micro_services/microservice_project/identity-service/node_modules/mongoose/lib/schemaType.js:1407:9\n    at process.processTicksAndRejections (node:internal/process/task_queues:85:11)","timestamp":"2025-03-23T13:20:10.838Z"}
{"level":"info","message":"POST /api/auth/register ::1","service":"identity-service","timestamp":"2025-03-23T13:20:50.021Z"}
{"level":"info","message":"Req body : [object Object]","service":"identity-service","timestamp":"2025-03-23T13:20:50.022Z"}
{"level":"info","message":"User Registration","service":"identity-service","timestamp":"2025-03-23T13:20:50.025Z"}
{"_message":"User validation failed","errors":{"username":{"kind":"required","message":"Path `username` is required.","name":"ValidatorError","path":"username","properties":{"message":"Path `username` is required.","path":"username","type":"required"}}},"level":"error","message":"Registration Failed User validation failed: username: Path `username` is required.","service":"identity-service","stack":"ValidationError: User validation failed: username: Path `username` is required.\n    at Document.invalidate (/home/suarim/micro_services/microservice_project/identity-service/node_modules/mongoose/lib/document.js:3329:32)\n    at /home/suarim/micro_services/microservice_project/identity-service/node_modules/mongoose/lib/document.js:3090:17\n    at /home/suarim/micro_services/microservice_project/identity-service/node_modules/mongoose/lib/schemaType.js:1407:9\n    at process.processTicksAndRejections (node:internal/process/task_queues:85:11)","timestamp":"2025-03-23T13:20:50.061Z"}
{"level":"info","message":"Validation Schema Loaded","service":"identity-service","timestamp":"2025-03-23T13:21:29.218Z"}
{"level":"info","message":"Server is running on port 3002","service":"identity-service","timestamp":"2025-03-23T13:21:29.248Z"}
{"level":"info","message":"Connected to MongoDB","service":"identity-service","timestamp":"2025-03-23T13:21:29.852Z"}
{"level":"info","message":"POST /api/auth/register ::1","service":"identity-service","timestamp":"2025-03-23T13:21:30.774Z"}
{"level":"info","message":"Req body : [object Object]","service":"identity-service","timestamp":"2025-03-23T13:21:30.774Z"}
{"level":"info","message":"User Registration","service":"identity-service","timestamp":"2025-03-23T13:21:30.783Z"}
{"level":"error","message":"Registration Failed name is not defined","service":"identity-service","stack":"ReferenceError: name is not defined\n    at userRegistration (/home/suarim/micro_services/microservice_project/identity-service/controllers/identity-controller.js:21:63)\n    at Layer.handle [as handle_request] (/home/suarim/micro_services/microservice_project/identity-service/node_modules/express/lib/router/layer.js:95:5)\n    at next (/home/suarim/micro_services/microservice_project/identity-service/node_modules/express/lib/router/route.js:149:13)\n    at Route.dispatch (/home/suarim/micro_services/microservice_project/identity-service/node_modules/express/lib/router/route.js:119:3)\n    at Layer.handle [as handle_request] (/home/suarim/micro_services/microservice_project/identity-service/node_modules/express/lib/router/layer.js:95:5)\n    at /home/suarim/micro_services/microservice_project/identity-service/node_modules/express/lib/router/index.js:284:15\n    at Function.process_params (/home/suarim/micro_services/microservice_project/identity-service/node_modules/express/lib/router/index.js:346:12)\n    at next (/home/suarim/micro_services/microservice_project/identity-service/node_modules/express/lib/router/index.js:280:10)\n    at Function.handle (/home/suarim/micro_services/microservice_project/identity-service/node_modules/express/lib/router/index.js:175:3)\n    at router (/home/suarim/micro_services/microservice_project/identity-service/node_modules/express/lib/router/index.js:47:12)","timestamp":"2025-03-23T13:21:30.791Z"}
{"level":"info","message":"Validation Schema Loaded","service":"identity-service","timestamp":"2025-03-23T13:22:00.330Z"}
{"level":"info","message":"Server is running on port 3002","service":"identity-service","timestamp":"2025-03-23T13:22:00.357Z"}
{"level":"info","message":"Connected to MongoDB","service":"identity-service","timestamp":"2025-03-23T13:22:00.742Z"}
{"level":"info","message":"POST /api/auth/register ::1","service":"identity-service","timestamp":"2025-03-23T13:22:03.102Z"}
{"level":"info","message":"Req body : [object Object]","service":"identity-service","timestamp":"2025-03-23T13:22:03.103Z"}
{"level":"info","message":"User Registration","service":"identity-service","timestamp":"2025-03-23T13:22:03.110Z"}
{"buffer":{"data":[103,224,10,251,74,114,232,31,223,37,25,227],"type":"Buffer"},"level":"warn","message":"User Registered successfully","service":"identity-service","timestamp":"2025-03-23T13:22:03.289Z"}
{"level":"error","message":"Registration Failed generateToken is not defined","service":"identity-service","stack":"ReferenceError: generateToken is not defined\n    at userRegistration (/home/suarim/micro_services/microservice_project/identity-service/controllers/identity-controller.js:39:45)\n    at process.processTicksAndRejections (node:internal/process/task_queues:105:5)","timestamp":"2025-03-23T13:22:03.290Z"}
{"level":"info","message":"Validation Schema Loaded","service":"identity-service","timestamp":"2025-03-23T13:24:02.994Z"}
{"level":"info","message":"Server is running on port 3002","service":"identity-service","timestamp":"2025-03-23T13:24:03.022Z"}
{"level":"info","message":"Connected to MongoDB","service":"identity-service","timestamp":"2025-03-23T13:24:03.823Z"}
{"level":"info","message":"POST /api/auth/register ::1","service":"identity-service","timestamp":"2025-03-23T13:24:07.096Z"}
{"level":"info","message":"Req body : [object Object]","service":"identity-service","timestamp":"2025-03-23T13:24:07.096Z"}
{"level":"info","message":"User Registration","service":"identity-service","timestamp":"2025-03-23T13:24:07.106Z"}
{"level":"warn","message":"User Already Exists","service":"identity-service","timestamp":"2025-03-23T13:24:07.158Z"}
{"level":"info","message":"POST /api/auth/register ::1","service":"identity-service","timestamp":"2025-03-23T13:24:21.335Z"}
{"level":"info","message":"Req body : [object Object]","service":"identity-service","timestamp":"2025-03-23T13:24:21.335Z"}
{"level":"info","message":"User Registration","service":"identity-service","timestamp":"2025-03-23T13:24:21.337Z"}
{"buffer":{"data":[103,224,11,133,111,100,64,14,191,40,194,99],"type":"Buffer"},"level":"warn","message":"User Registered successfully","service":"identity-service","timestamp":"2025-03-23T13:24:21.648Z"}
{"level":"error","message":"Registration Failed generateToken is not a function","service":"identity-service","stack":"TypeError: generateToken is not a function\n    at userRegistration (/home/suarim/micro_services/microservice_project/identity-service/controllers/identity-controller.js:40:51)\n    at process.processTicksAndRejections (node:internal/process/task_queues:105:5)","timestamp":"2025-03-23T13:24:21.648Z"}
{"level":"info","message":"Validation Schema Loaded","service":"identity-service","timestamp":"2025-03-23T13:24:51.346Z"}
{"level":"info","message":"Server is running on port 3002","service":"identity-service","timestamp":"2025-03-23T13:24:51.382Z"}
{"level":"info","message":"Connected to MongoDB","service":"identity-service","timestamp":"2025-03-23T13:24:51.798Z"}
{"level":"info","message":"POST /api/auth/register ::1","service":"identity-service","timestamp":"2025-03-23T13:24:53.874Z"}
{"level":"info","message":"Req body : [object Object]","service":"identity-service","timestamp":"2025-03-23T13:24:53.874Z"}
{"level":"info","message":"User Registration","service":"identity-service","timestamp":"2025-03-23T13:24:53.882Z"}
{"level":"warn","message":"User Already Exists","service":"identity-service","timestamp":"2025-03-23T13:24:53.939Z"}
{"level":"info","message":"POST /api/auth/register ::1","service":"identity-service","timestamp":"2025-03-23T13:24:58.807Z"}
{"level":"info","message":"Req body : [object Object]","service":"identity-service","timestamp":"2025-03-23T13:24:58.807Z"}
{"level":"info","message":"User Registration","service":"identity-service","timestamp":"2025-03-23T13:24:58.810Z"}
{"buffer":{"data":[103,224,11,170,34,10,6,236,64,208,60,71],"type":"Buffer"},"level":"warn","message":"User Registered successfully","service":"identity-service","timestamp":"2025-03-23T13:24:58.989Z"}
{"level":"error","message":"Registration Failed JWT_SECRET.sign is not a function","service":"identity-service","stack":"TypeError: JWT_SECRET.sign is not a function\n    at generateToken (/home/suarim/micro_services/microservice_project/identity-service/utils/generateToken.js:5:36)\n    at userRegistration (/home/suarim/micro_services/microservice_project/identity-service/controllers/identity-controller.js:40:51)\n    at process.processTicksAndRejections (node:internal/process/task_queues:105:5)","timestamp":"2025-03-23T13:24:58.990Z"}
{"level":"info","message":"Validation Schema Loaded","service":"identity-service","timestamp":"2025-03-23T13:25:56.816Z"}
{"level":"info","message":"Server is running on port 3002","service":"identity-service","timestamp":"2025-03-23T13:25:56.882Z"}
{"level":"info","message":"Connected to MongoDB","service":"identity-service","timestamp":"2025-03-23T13:25:58.445Z"}
{"level":"info","message":"Validation Schema Loaded","service":"identity-service","timestamp":"2025-03-23T13:26:21.581Z"}
{"level":"info","message":"Server is running on port 3002","service":"identity-service","timestamp":"2025-03-23T13:26:21.637Z"}
{"level":"info","message":"Connected to MongoDB","service":"identity-service","timestamp":"2025-03-23T13:26:22.373Z"}
{"level":"info","message":"POST /api/auth/register ::1","service":"identity-service","timestamp":"2025-03-23T13:26:23.464Z"}
{"level":"info","message":"Req body : [object Object]","service":"identity-service","timestamp":"2025-03-23T13:26:23.464Z"}
{"level":"info","message":"User Registration","service":"identity-service","timestamp":"2025-03-23T13:26:23.476Z"}
{"level":"warn","message":"User Already Exists","service":"identity-service","timestamp":"2025-03-23T13:26:23.540Z"}
{"level":"info","message":"POST /api/auth/register ::1","service":"identity-service","timestamp":"2025-03-23T13:26:28.436Z"}
{"level":"info","message":"Req body : [object Object]","service":"identity-service","timestamp":"2025-03-23T13:26:28.436Z"}
{"level":"info","message":"User Registration","service":"identity-service","timestamp":"2025-03-23T13:26:28.439Z"}
{"buffer":{"data":[103,224,12,4,142,201,230,23,41,207,73,165],"type":"Buffer"},"level":"warn","message":"User Registered successfully","service":"identity-service","timestamp":"2025-03-23T13:26:28.586Z"}
{"level":"warn","message":"Token Generated Successfully","service":"identity-service","timestamp":"2025-03-23T13:26:28.621Z"}
{"level":"info","message":"POST /api/auth/register ::1","service":"identity-service","timestamp":"2025-03-23T13:28:41.309Z"}
{"level":"info","message":"Req body : [object Object]","service":"identity-service","timestamp":"2025-03-23T13:28:41.309Z"}
{"level":"info","message":"User Registration","service":"identity-service","timestamp":"2025-03-23T13:28:41.311Z"}
{"buffer":{"data":[103,224,12,137,142,201,230,23,41,207,73,170],"type":"Buffer"},"level":"warn","message":"User Registered successfully","service":"identity-service","timestamp":"2025-03-23T13:28:41.451Z"}
{"level":"warn","message":"Token Generated Successfully","service":"identity-service","timestamp":"2025-03-23T13:28:41.481Z"}
{"level":"info","message":"Validation Schema Loaded","service":"identity-service","timestamp":"2025-03-23T16:18:01.533Z"}
{"level":"info","message":"Server is running on port 3002","service":"identity-service","timestamp":"2025-03-23T16:18:01.574Z"}
{"level":"info","message":"Connected to MongoDB","service":"identity-service","timestamp":"2025-03-23T16:18:02.833Z"}
{"level":"info","message":"POST /api/auth/register ::1","service":"identity-service","timestamp":"2025-03-23T16:23:26.060Z"}
{"level":"info","message":"Req body : [object Object]","service":"identity-service","timestamp":"2025-03-23T16:23:26.060Z"}
{"level":"info","message":"User Registration","service":"identity-service","timestamp":"2025-03-23T16:23:26.064Z"}
{"level":"warn","message":"Validation Error","service":"identity-service","timestamp":"2025-03-23T16:23:26.069Z"}
{"level":"info","message":"Validation Schema Loaded","service":"identity-service","timestamp":"2025-03-23T16:24:09.125Z"}
{"level":"info","message":"Server is running on port 3002","service":"identity-service","timestamp":"2025-03-23T16:24:09.164Z"}
{"level":"info","message":"Connected to MongoDB","service":"identity-service","timestamp":"2025-03-23T16:24:11.512Z"}
{"level":"info","message":"Validation Schema Loaded","service":"identity-service","timestamp":"2025-03-23T16:24:22.037Z"}
{"level":"info","message":"Server is running on port 3002","service":"identity-service","timestamp":"2025-03-23T16:24:22.076Z"}
{"level":"info","message":"Connected to MongoDB","service":"identity-service","timestamp":"2025-03-23T16:24:22.619Z"}
{"level":"info","message":"POST /api/auth/register ::1","service":"identity-service","timestamp":"2025-03-23T16:25:34.374Z"}
{"level":"info","message":"Req body : [object Object]","service":"identity-service","timestamp":"2025-03-23T16:25:34.374Z"}
{"level":"info","message":"User Registration","service":"identity-service","timestamp":"2025-03-23T16:25:34.379Z"}
{"level":"warn","message":"Validation Error","service":"identity-service","timestamp":"2025-03-23T16:25:34.387Z"}
{"level":"info","message":"POST /api/auth/register ::1","service":"identity-service","timestamp":"2025-03-23T16:25:50.560Z"}
{"level":"info","message":"Req body : [object Object]","service":"identity-service","timestamp":"2025-03-23T16:25:50.560Z"}
{"level":"info","message":"User Registration","service":"identity-service","timestamp":"2025-03-23T16:25:50.562Z"}
{"level":"warn","message":"Validation Error","service":"identity-service","timestamp":"2025-03-23T16:25:50.564Z"}
{"level":"info","message":"POST /api/auth/register ::1","service":"identity-service","timestamp":"2025-03-23T16:26:57.606Z"}
{"level":"info","message":"Req body : [object Object]","service":"identity-service","timestamp":"2025-03-23T16:26:57.607Z"}
{"level":"info","message":"User Registration","service":"identity-service","timestamp":"2025-03-23T16:26:57.608Z"}
{"buffer":{"data":[103,224,54,81,55,99,248,185,130,21,227,101],"type":"Buffer"},"level":"warn","message":"User Registered successfully","service":"identity-service","timestamp":"2025-03-23T16:26:57.735Z"}
{"level":"warn","message":"Token Generated Successfully","service":"identity-service","timestamp":"2025-03-23T16:26:57.774Z"}
{"level":"info","message":"Validation Schema Loaded","service":"identity-service","timestamp":"2025-03-23T16:27:43.655Z"}
{"level":"info","message":"Server is running on port 3002","service":"identity-service","timestamp":"2025-03-23T16:27:43.698Z"}
{"level":"info","message":"Connected to MongoDB","service":"identity-service","timestamp":"2025-03-23T16:27:46.011Z"}
{"level":"error","message":"SyntaxError: Expected double-quoted property name in JSON at position 48 (line 6 column 1)\n    at JSON.parse (<anonymous>)\n    at parse (/home/suarim/micro_services/microservice_project/identity-service/node_modules/body-parser/lib/types/json.js:92:19)\n    at /home/suarim/micro_services/microservice_project/identity-service/node_modules/body-parser/lib/read.js:128:18\n    at AsyncResource.runInAsyncScope (node:async_hooks:211:14)\n    at invokeCallback (/home/suarim/micro_services/microservice_project/identity-service/node_modules/raw-body/index.js:238:16)\n    at done (/home/suarim/micro_services/microservice_project/identity-service/node_modules/raw-body/index.js:227:7)\n    at IncomingMessage.onEnd (/home/suarim/micro_services/microservice_project/identity-service/node_modules/raw-body/index.js:287:7)\n    at IncomingMessage.emit (node:events:518:28)\n    at endReadableNT (node:internal/streams/readable:1698:12)\n    at process.processTicksAndRejections (node:internal/process/task_queues:90:21)","service":"identity-service","timestamp":"2025-03-23T16:27:51.892Z"}
{"level":"info","message":"POST /api/auth/register ::1","service":"identity-service","timestamp":"2025-03-23T16:27:57.643Z"}
{"level":"info","message":"Req body : [object Object]","service":"identity-service","timestamp":"2025-03-23T16:27:57.644Z"}
{"level":"info","message":"User Registration","service":"identity-service","timestamp":"2025-03-23T16:27:57.649Z"}
{"level":"warn","message":"Validation Error","service":"identity-service","timestamp":"2025-03-23T16:27:57.655Z"}
{"level":"info","message":"POST /api/auth/register ::1","service":"identity-service","timestamp":"2025-03-23T16:28:19.675Z"}
{"level":"info","message":"Req body : [object Object]","service":"identity-service","timestamp":"2025-03-23T16:28:19.675Z"}
{"level":"info","message":"User Registration","service":"identity-service","timestamp":"2025-03-23T16:28:19.678Z"}
{"level":"warn","message":"User Already Exists","service":"identity-service","timestamp":"2025-03-23T16:28:19.731Z"}
